{"C:\\wamp64\\www\\complejidad\\01-high-order-function-marreA\\docs\\test\\testNode.js":{"path":"C:\\wamp64\\www\\complejidad\\01-high-order-function-marreA\\docs\\test\\testNode.js","s":{"1":1,"2":1,"3":1,"4":1,"5":1,"6":1,"7":1,"8":1,"9":0,"10":0,"11":0,"12":0,"13":0,"14":0,"15":0,"16":0,"17":0,"18":0,"19":0,"20":0,"21":0,"22":0,"23":0,"24":0,"25":0,"26":0,"27":0,"28":0,"29":0,"30":0,"31":0,"32":0,"33":0,"34":0,"35":0,"36":0,"37":0,"38":0,"39":0,"40":0,"41":0,"42":0,"43":0,"44":0,"45":0,"46":0,"47":0,"48":0,"49":0,"50":0,"51":0,"52":0,"53":0,"54":0,"55":0,"56":0,"57":0,"58":0,"59":0},"b":{},"f":{},"fnMap":{},"statementMap":{"1":{"start":{"line":3,"column":0},"end":{"line":3,"column":44}},"2":{"start":{"line":4,"column":0},"end":{"line":4,"column":38}},"3":{"start":{"line":5,"column":0},"end":{"line":5,"column":45}},"4":{"start":{"line":6,"column":0},"end":{"line":6,"column":43}},"5":{"start":{"line":7,"column":0},"end":{"line":7,"column":46}},"6":{"start":{"line":8,"column":0},"end":{"line":8,"column":33}},"7":{"start":{"line":9,"column":0},"end":{"line":9,"column":36}},"8":{"start":{"line":11,"column":0},"end":{"line":73,"column":3}},"9":{"start":{"line":12,"column":4},"end":{"line":20,"column":7}},"10":{"start":{"line":13,"column":8},"end":{"line":15,"column":11}},"11":{"start":{"line":14,"column":12},"end":{"line":14,"column":67}},"12":{"start":{"line":17,"column":8},"end":{"line":19,"column":11}},"13":{"start":{"line":18,"column":12},"end":{"line":18,"column":81}},"14":{"start":{"line":22,"column":4},"end":{"line":35,"column":7}},"15":{"start":{"line":23,"column":8},"end":{"line":28,"column":11}},"16":{"start":{"line":24,"column":12},"end":{"line":24,"column":38}},"17":{"start":{"line":25,"column":12},"end":{"line":25,"column":160}},"18":{"start":{"line":25,"column":35},"end":{"line":25,"column":53}},"19":{"start":{"line":25,"column":65},"end":{"line":25,"column":108}},"20":{"start":{"line":25,"column":120},"end":{"line":25,"column":158}},"21":{"start":{"line":26,"column":12},"end":{"line":26,"column":51}},"22":{"start":{"line":29,"column":8},"end":{"line":34,"column":11}},"23":{"start":{"line":30,"column":12},"end":{"line":30,"column":38}},"24":{"start":{"line":31,"column":12},"end":{"line":31,"column":28}},"25":{"start":{"line":32,"column":12},"end":{"line":32,"column":159}},"26":{"start":{"line":32,"column":35},"end":{"line":32,"column":53}},"27":{"start":{"line":32,"column":65},"end":{"line":32,"column":108}},"28":{"start":{"line":32,"column":120},"end":{"line":32,"column":157}},"29":{"start":{"line":33,"column":12},"end":{"line":33,"column":45}},"30":{"start":{"line":37,"column":4},"end":{"line":58,"column":7}},"31":{"start":{"line":38,"column":8},"end":{"line":41,"column":11}},"32":{"start":{"line":39,"column":12},"end":{"line":39,"column":44}},"33":{"start":{"line":40,"column":12},"end":{"line":40,"column":71}},"34":{"start":{"line":40,"column":51},"end":{"line":40,"column":62}},"35":{"start":{"line":42,"column":8},"end":{"line":45,"column":11}},"36":{"start":{"line":43,"column":12},"end":{"line":43,"column":44}},"37":{"start":{"line":44,"column":12},"end":{"line":44,"column":72}},"38":{"start":{"line":44,"column":51},"end":{"line":44,"column":62}},"39":{"start":{"line":46,"column":8},"end":{"line":49,"column":11}},"40":{"start":{"line":47,"column":12},"end":{"line":47,"column":34}},"41":{"start":{"line":48,"column":12},"end":{"line":48,"column":72}},"42":{"start":{"line":48,"column":51},"end":{"line":48,"column":63}},"43":{"start":{"line":50,"column":8},"end":{"line":53,"column":11}},"44":{"start":{"line":51,"column":12},"end":{"line":51,"column":35}},"45":{"start":{"line":52,"column":12},"end":{"line":52,"column":73}},"46":{"start":{"line":52,"column":51},"end":{"line":52,"column":63}},"47":{"start":{"line":54,"column":8},"end":{"line":57,"column":11}},"48":{"start":{"line":55,"column":12},"end":{"line":55,"column":27}},"49":{"start":{"line":56,"column":12},"end":{"line":56,"column":72}},"50":{"start":{"line":56,"column":51},"end":{"line":56,"column":63}},"51":{"start":{"line":59,"column":4},"end":{"line":72,"column":7}},"52":{"start":{"line":60,"column":8},"end":{"line":62,"column":11}},"53":{"start":{"line":61,"column":10},"end":{"line":61,"column":59}},"54":{"start":{"line":63,"column":8},"end":{"line":65,"column":11}},"55":{"start":{"line":64,"column":10},"end":{"line":64,"column":68}},"56":{"start":{"line":66,"column":8},"end":{"line":68,"column":11}},"57":{"start":{"line":67,"column":10},"end":{"line":67,"column":102}},"58":{"start":{"line":69,"column":8},"end":{"line":71,"column":11}},"59":{"start":{"line":70,"column":10},"end":{"line":70,"column":75}}},"branchMap":{}}}