{"C:\\wamp64\\www\\complejidad\\01-high-order-function-marreA\\test\\test2.js":{"path":"C:\\wamp64\\www\\complejidad\\01-high-order-function-marreA\\test\\test2.js","s":{"1":1,"2":0,"3":0,"4":0,"5":0,"6":0,"7":0,"8":0,"9":0,"10":0,"11":0,"12":0,"13":0,"14":0,"15":0,"16":0,"17":0,"18":0,"19":0,"20":0,"21":0,"22":0,"23":0,"24":0,"25":0,"26":0,"27":0,"28":0,"29":0,"30":0,"31":0,"32":0,"33":0,"34":0,"35":0,"36":0,"37":0,"38":0,"39":0,"40":0,"41":0,"42":0,"43":0,"44":0},"b":{},"f":{"1":0},"fnMap":{"1":{"name":"(anonymous_1)","line":9,"loc":{"start":{"line":9,"column":18},"end":{"line":9,"column":29}}}},"statementMap":{"1":{"start":{"line":9,"column":0},"end":{"line":58,"column":3}},"2":{"start":{"line":10,"column":2},"end":{"line":57,"column":5}},"3":{"start":{"line":11,"column":6},"end":{"line":19,"column":9}},"4":{"start":{"line":12,"column":10},"end":{"line":14,"column":13}},"5":{"start":{"line":13,"column":14},"end":{"line":13,"column":69}},"6":{"start":{"line":16,"column":10},"end":{"line":18,"column":13}},"7":{"start":{"line":17,"column":14},"end":{"line":17,"column":88}},"8":{"start":{"line":21,"column":6},"end":{"line":33,"column":9}},"9":{"start":{"line":22,"column":10},"end":{"line":26,"column":13}},"10":{"start":{"line":23,"column":14},"end":{"line":23,"column":40}},"11":{"start":{"line":24,"column":14},"end":{"line":24,"column":162}},"12":{"start":{"line":24,"column":37},"end":{"line":24,"column":55}},"13":{"start":{"line":24,"column":67},"end":{"line":24,"column":110}},"14":{"start":{"line":24,"column":122},"end":{"line":24,"column":160}},"15":{"start":{"line":25,"column":14},"end":{"line":25,"column":58}},"16":{"start":{"line":27,"column":10},"end":{"line":32,"column":13}},"17":{"start":{"line":28,"column":14},"end":{"line":28,"column":40}},"18":{"start":{"line":29,"column":14},"end":{"line":29,"column":30}},"19":{"start":{"line":30,"column":14},"end":{"line":30,"column":161}},"20":{"start":{"line":30,"column":37},"end":{"line":30,"column":55}},"21":{"start":{"line":30,"column":67},"end":{"line":30,"column":110}},"22":{"start":{"line":30,"column":122},"end":{"line":30,"column":159}},"23":{"start":{"line":31,"column":14},"end":{"line":31,"column":52}},"24":{"start":{"line":35,"column":6},"end":{"line":56,"column":9}},"25":{"start":{"line":36,"column":10},"end":{"line":39,"column":13}},"26":{"start":{"line":37,"column":14},"end":{"line":37,"column":46}},"27":{"start":{"line":38,"column":14},"end":{"line":38,"column":78}},"28":{"start":{"line":38,"column":58},"end":{"line":38,"column":69}},"29":{"start":{"line":40,"column":10},"end":{"line":43,"column":13}},"30":{"start":{"line":41,"column":14},"end":{"line":41,"column":46}},"31":{"start":{"line":42,"column":14},"end":{"line":42,"column":79}},"32":{"start":{"line":42,"column":58},"end":{"line":42,"column":69}},"33":{"start":{"line":44,"column":10},"end":{"line":47,"column":13}},"34":{"start":{"line":45,"column":14},"end":{"line":45,"column":36}},"35":{"start":{"line":46,"column":14},"end":{"line":46,"column":79}},"36":{"start":{"line":46,"column":58},"end":{"line":46,"column":70}},"37":{"start":{"line":48,"column":10},"end":{"line":51,"column":13}},"38":{"start":{"line":49,"column":14},"end":{"line":49,"column":37}},"39":{"start":{"line":50,"column":14},"end":{"line":50,"column":80}},"40":{"start":{"line":50,"column":58},"end":{"line":50,"column":70}},"41":{"start":{"line":52,"column":10},"end":{"line":55,"column":13}},"42":{"start":{"line":53,"column":14},"end":{"line":53,"column":29}},"43":{"start":{"line":54,"column":14},"end":{"line":54,"column":79}},"44":{"start":{"line":54,"column":58},"end":{"line":54,"column":70}}},"branchMap":{}}}